<?xml version="1.0" encoding="UTF-8"?>
<!-- Generated by org.testng.reporters.JUnitReportReporter -->
<testsuite skipped="0" hostname="MacBook-Pro.local" name="tests.GetQuote_TC1" tests="2" failures="0" timestamp="2021-10-31T18:05:37 EDT" time="4.706" errors="0">
  <testcase name="LandingPage" time="0.010" classname="tests.GetQuote_TC1"/>
  <system-out/>
  <testcase name="QuotePage" time="4.696" classname="tests.GetQuote_TC1"/>
  <system-out/>
</testsuite> <!-- tests.GetQuote_TC1 -->
